<?xml version="1.0" encoding="UTF-8"?>
<testng-results ignored="0" total="1" passed="1" failed="0" skipped="0">
  <reporter-output>
  </reporter-output>
  <suite started-at="2025-12-04T14:34:48 IST" name="BDD Suite" finished-at="2025-12-04T14:35:07 IST" duration-ms="19852">
    <groups>
      <group name="cucumber">
        <method signature="AbstractTestNGCucumberTests.runScenario(io.cucumber.testng.PickleWrapper,io.cucumber.testng.FeatureWrapper)[pri:0, instance:com.flipkartAutomation.runners.TestRunner@69fb6037]" name="runScenario" class="io.cucumber.testng.AbstractTestNGCucumberTests"/>
      </group> <!-- cucumber -->
    </groups>
    <test started-at="2025-12-04T14:34:48 IST" name="Cucumber BDD Tests" finished-at="2025-12-04T14:35:07 IST" duration-ms="19852">
      <class name="com.flipkartAutomation.runners.TestRunner">
        <test-method is-config="true" signature="setUpClass(org.testng.ITestContext)[pri:0, instance:com.flipkartAutomation.runners.TestRunner@69fb6037]" started-at="2025-12-04T14:34:48 IST" name="setUpClass" finished-at="2025-12-04T14:34:49 IST" duration-ms="1796" status="PASS">
          <params>
            <param index="0">
              <value>
                <![CDATA[org.testng.TestRunner@662b4c69]]>
              </value>
            </param>
          </params>
          <reporter-output>
          </reporter-output>
        </test-method> <!-- setUpClass -->
        <test-method signature="runScenario(io.cucumber.testng.PickleWrapper,io.cucumber.testng.FeatureWrapper)[pri:0, instance:com.flipkartAutomation.runners.TestRunner@69fb6037]" started-at="2025-12-04T14:34:49 IST" name="runScenario" description="Runs Cucumber Scenarios" data-provider="scenarios" finished-at="2025-12-04T14:35:07 IST" duration-ms="17088" status="PASS">
          <params>
            <param index="0">
              <value>
                <![CDATA["Scrolling on the web page"]]>
              </value>
            </param>
            <param index="1">
              <value>
                <![CDATA["Home Page Validations"]]>
              </value>
            </param>
          </params>
          <reporter-output>
          </reporter-output>
        </test-method> <!-- runScenario -->
        <test-method is-config="true" signature="tearDownClass()[pri:0, instance:com.flipkartAutomation.runners.TestRunner@69fb6037]" started-at="2025-12-04T14:35:07 IST" name="tearDownClass" finished-at="2025-12-04T14:35:07 IST" duration-ms="865" status="PASS">
          <reporter-output>
          </reporter-output>
        </test-method> <!-- tearDownClass -->
      </class> <!-- com.flipkartAutomation.runners.TestRunner -->
    </test> <!-- Cucumber BDD Tests -->
  </suite> <!-- BDD Suite -->
</testng-results>
