<?xml version="1.0" encoding="UTF-8"?>
<testng-results ignored="0" total="2" passed="2" failed="0" skipped="0">
  <reporter-output>
  </reporter-output>
  <suite started-at="2025-12-05T22:50:29 IST" name="Default suite" finished-at="2025-12-05T22:50:57 IST" duration-ms="27957">
    <groups>
      <group name="cucumber">
        <method signature="AbstractTestNGCucumberTests.runScenario(io.cucumber.testng.PickleWrapper,io.cucumber.testng.FeatureWrapper)[pri:0, instance:com.automation.runners.TestRunner@156b88f5]" name="runScenario" class="io.cucumber.testng.AbstractTestNGCucumberTests"/>
      </group> <!-- cucumber -->
    </groups>
    <test started-at="2025-12-05T22:50:29 IST" name="Default test" finished-at="2025-12-05T22:50:57 IST" duration-ms="27957">
      <class name="com.automation.runners.TestRunner">
        <test-method is-config="true" signature="setUpClass(org.testng.ITestContext)[pri:0, instance:com.automation.runners.TestRunner@156b88f5]" started-at="2025-12-05T22:50:29 IST" name="setUpClass" finished-at="2025-12-05T22:50:30 IST" duration-ms="710" status="PASS">
          <params>
            <param index="0">
              <value>
                <![CDATA[org.testng.TestRunner@702c436b]]>
              </value>
            </param>
          </params>
          <reporter-output>
          </reporter-output>
        </test-method> <!-- setUpClass -->
        <test-method signature="runScenario(io.cucumber.testng.PickleWrapper,io.cucumber.testng.FeatureWrapper)[pri:0, instance:com.automation.runners.TestRunner@156b88f5]" started-at="2025-12-05T22:50:30 IST" name="runScenario" description="Runs Cucumber Scenarios" data-provider="scenarios" finished-at="2025-12-05T22:50:54 IST" duration-ms="24123" status="PASS">
          <params>
            <param index="0">
              <value>
                <![CDATA["Mouse Hover Over Actions"]]>
              </value>
            </param>
            <param index="1">
              <value>
                <![CDATA["Home Page Validations"]]>
              </value>
            </param>
          </params>
          <reporter-output>
          </reporter-output>
        </test-method> <!-- runScenario -->
        <test-method signature="runScenario(io.cucumber.testng.PickleWrapper,io.cucumber.testng.FeatureWrapper)[pri:0, instance:com.automation.runners.TestRunner@156b88f5]" started-at="2025-12-05T22:50:30 IST" name="runScenario" description="Runs Cucumber Scenarios" data-provider="scenarios" finished-at="2025-12-05T22:50:56 IST" duration-ms="26469" status="PASS">
          <params>
            <param index="0">
              <value>
                <![CDATA["Scrolling on the web page"]]>
              </value>
            </param>
            <param index="1">
              <value>
                <![CDATA["Home Page Validations"]]>
              </value>
            </param>
          </params>
          <reporter-output>
          </reporter-output>
        </test-method> <!-- runScenario -->
        <test-method is-config="true" signature="tearDownClass()[pri:0, instance:com.automation.runners.TestRunner@156b88f5]" started-at="2025-12-05T22:50:56 IST" name="tearDownClass" finished-at="2025-12-05T22:50:57 IST" duration-ms="734" status="PASS">
          <reporter-output>
          </reporter-output>
        </test-method> <!-- tearDownClass -->
      </class> <!-- com.automation.runners.TestRunner -->
    </test> <!-- Default test -->
  </suite> <!-- Default suite -->
</testng-results>
