<?xml version="1.0" encoding="UTF-8"?>
<testng-results ignored="0" total="1" passed="1" failed="0" skipped="0">
  <reporter-output>
  </reporter-output>
  <suite started-at="2025-12-05T16:49:53 IST" name="BDD Suite" finished-at="2025-12-05T16:50:06 IST" duration-ms="12345">
    <groups>
      <group name="cucumber">
        <method signature="AbstractTestNGCucumberTests.runScenario(io.cucumber.testng.PickleWrapper,io.cucumber.testng.FeatureWrapper)[pri:0, instance:com.flipkartAutomation.runners.TestRunner@fa49800]" name="runScenario" class="io.cucumber.testng.AbstractTestNGCucumberTests"/>
      </group> <!-- cucumber -->
    </groups>
    <test started-at="2025-12-05T16:49:53 IST" name="Cucumber BDD Tests" finished-at="2025-12-05T16:50:06 IST" duration-ms="12345">
      <class name="com.flipkartAutomation.runners.TestRunner">
        <test-method is-config="true" signature="setUpClass(org.testng.ITestContext)[pri:0, instance:com.flipkartAutomation.runners.TestRunner@fa49800]" started-at="2025-12-05T16:49:53 IST" name="setUpClass" finished-at="2025-12-05T16:49:54 IST" duration-ms="560" status="PASS">
          <params>
            <param index="0">
              <value>
                <![CDATA[org.testng.TestRunner@2cf3d63b]]>
              </value>
            </param>
          </params>
          <reporter-output>
          </reporter-output>
        </test-method> <!-- setUpClass -->
        <test-method signature="runScenario(io.cucumber.testng.PickleWrapper,io.cucumber.testng.FeatureWrapper)[pri:0, instance:com.flipkartAutomation.runners.TestRunner@fa49800]" started-at="2025-12-05T16:49:54 IST" name="runScenario" description="Runs Cucumber Scenarios" data-provider="scenarios" finished-at="2025-12-05T16:50:05 IST" duration-ms="11517" status="PASS">
          <params>
            <param index="0">
              <value>
                <![CDATA["Scrolling on the web page"]]>
              </value>
            </param>
            <param index="1">
              <value>
                <![CDATA["Home Page Validations"]]>
              </value>
            </param>
          </params>
          <reporter-output>
          </reporter-output>
        </test-method> <!-- runScenario -->
        <test-method is-config="true" signature="tearDownClass()[pri:0, instance:com.flipkartAutomation.runners.TestRunner@fa49800]" started-at="2025-12-05T16:50:05 IST" name="tearDownClass" finished-at="2025-12-05T16:50:06 IST" duration-ms="223" status="PASS">
          <reporter-output>
          </reporter-output>
        </test-method> <!-- tearDownClass -->
      </class> <!-- com.flipkartAutomation.runners.TestRunner -->
    </test> <!-- Cucumber BDD Tests -->
  </suite> <!-- BDD Suite -->
</testng-results>
