<?xml version="1.0" encoding="UTF-8"?>
<!-- Generated by org.testng.reporters.JUnitReportReporter -->
<testsuite hostname="AkshayRamaswami" failures="0" tests="2" name="com.automation.runners.TestRunner" time="50.592" errors="0" timestamp="2025-12-05T22:50:57 IST" skipped="0">
  <testcase classname="com.automation.runners.TestRunner" name="runScenario" time="24.123"/>
  <testcase classname="com.automation.runners.TestRunner" name="runScenario" time="26.469"/>
</testsuite> <!-- com.automation.runners.TestRunner -->
